<?xml version="1.0" encoding="UTF-8"?>
<testng-results ignored="0" total="1" passed="1" failed="0" skipped="0">
  <reporter-output>
  </reporter-output>
  <suite started-at="2022-01-05T10:50:08 IST" name="Default suite" finished-at="2022-01-05T10:50:13 IST" duration-ms="4524">
    <groups>
    </groups>
    <test started-at="2022-01-05T10:50:08 IST" name="Default test" finished-at="2022-01-05T10:50:13 IST" duration-ms="4524">
      <class name="com.java.restassured.CookiesHeadersContentType">
        <test-method signature="passTheJsonFile()[pri:0, instance:com.java.restassured.CookiesHeadersContentType@7c469c48]" started-at="2022-01-05T10:50:08 IST" name="passTheJsonFile" finished-at="2022-01-05T10:50:13 IST" duration-ms="4421" status="PASS">
          <reporter-output>
          </reporter-output>
        </test-method> <!-- passTheJsonFile -->
      </class> <!-- com.java.restassured.CookiesHeadersContentType -->
    </test> <!-- Default test -->
  </suite> <!-- Default suite -->
</testng-results>
